d:\.net\rainer\employeemanagement\employeemanagement\x64\debug\vc143.pdb
d:\.net\rainer\employeemanagement\employeemanagement\x64\debug\vc143.idb
d:\.net\rainer\employeemanagement\employeemanagement\x64\debug\title.obj
d:\.net\rainer\employeemanagement\employeemanagement\x64\debug\employee.obj
d:\.net\rainer\employeemanagement\employeemanagement\x64\debug\emain.obj
d:\.net\rainer\employeemanagement\employeemanagement\x64\debug\employeedao.obj
d:\.net\rainer\employeemanagement\employeemanagement\x64\debug\dbconnection.obj
d:\.net\rainer\employeemanagement\employeemanagement\x64\debug\basedao.obj
d:\.net\rainer\employeemanagement\employeemanagement\x64\debug\inputer.obj
d:\.net\rainer\employeemanagement\x64\debug\employeemanagement.pdb
d:\.net\rainer\employeemanagement\employeemanagement\x64\debug\employee.f42bf862.tlog\cl.command.1.tlog
d:\.net\rainer\employeemanagement\employeemanagement\x64\debug\employee.f42bf862.tlog\cl.read.1.tlog
d:\.net\rainer\employeemanagement\employeemanagement\x64\debug\employee.f42bf862.tlog\cl.write.1.tlog
d:\.net\rainer\employeemanagement\employeemanagement\x64\debug\employee.f42bf862.tlog\link.20916-cvtres.read.1.tlog
d:\.net\rainer\employeemanagement\employeemanagement\x64\debug\employee.f42bf862.tlog\link.20916-cvtres.write.1.tlog
d:\.net\rainer\employeemanagement\employeemanagement\x64\debug\employee.f42bf862.tlog\link.20916-rc.read.1.tlog
d:\.net\rainer\employeemanagement\employeemanagement\x64\debug\employee.f42bf862.tlog\link.20916-rc.write.1.tlog
d:\.net\rainer\employeemanagement\employeemanagement\x64\debug\employee.f42bf862.tlog\link.20916.read.1.tlog
d:\.net\rainer\employeemanagement\employeemanagement\x64\debug\employee.f42bf862.tlog\link.20916.read.2.tlog
d:\.net\rainer\employeemanagement\employeemanagement\x64\debug\employee.f42bf862.tlog\link.20916.write.1.tlog
d:\.net\rainer\employeemanagement\employeemanagement\x64\debug\employee.f42bf862.tlog\link.command.1.tlog
d:\.net\rainer\employeemanagement\employeemanagement\x64\debug\employee.f42bf862.tlog\link.read.1.tlog
d:\.net\rainer\employeemanagement\employeemanagement\x64\debug\employee.f42bf862.tlog\link.write.1.tlog
